#
# There is insufficient memory for the Java Runtime Environment to continue.
# Native memory allocation (malloc) failed to allocate 1097776 bytes. Error detail: Chunk::new
# Possible reasons:
#   The system is out of physical RAM or swap space
#   This process is running with CompressedOops enabled, and the Java Heap may be blocking the growth of the native heap
# Possible solutions:
#   Reduce memory load on the system
#   Increase physical memory or swap space
#   Check if swap backing store is full
#   Decrease Java heap size (-Xmx/-Xms)
#   Decrease number of Java threads
#   Decrease Java thread stack sizes (-Xss)
#   Set larger code cache with -XX:ReservedCodeCacheSize=
#   JVM is running with Unscaled Compressed Oops mode in which the Java heap is
#     placed in the first 4GB address space. The Java Heap base address is the
#     maximum limit for the native heap growth. Please use -XX:HeapBaseMinAddress
#     to set the Java Heap base and to place the Java Heap above 4GB virtual address.
# This output file may be truncated or incomplete.
#
#  Out of Memory Error (arena.cpp:168), pid=21672, tid=10508
#
# JRE version: OpenJDK Runtime Environment Temurin-21.0.11+10 (21.0.11+10) (build 21.0.11+10-LTS)
# Java VM: OpenJDK 64-Bit Server VM Temurin-21.0.11+10 (21.0.11+10-LTS, mixed mode, sharing, tiered, compressed oops, compressed class ptrs, parallel gc, windows-amd64)
# No core dump will be written. Minidumps are not enabled by default on client versions of Windows
#

---------------  S U M M A R Y ------------

Command Line: --add-modules=ALL-SYSTEM --add-opens=java.base/java.util=ALL-UNNAMED --add-opens=java.base/java.lang=ALL-UNNAMED --add-opens=java.base/sun.nio.fs=ALL-UNNAMED -Declipse.application=org.eclipse.jdt.ls.core.id1 -Dosgi.bundles.defaultStartLevel=4 -Declipse.product=org.eclipse.jdt.ls.core.product -Djava.import.generatesMetadataFilesAtProjectRoot=false -DDetectVMInstallationsJob.disabled=true -Dfile.encoding=utf8 -XX:+UseParallelGC -XX:GCTimeRatio=4 -XX:AdaptiveSizePolicyWeight=90 -Dsun.zip.disableMemoryMapping=true -Xmx2G -Xms100m -Xlog:disable -javaagent:c:\Users\RESHU PATEL\.vscode\extensions\redhat.java-1.55.0-win32-x64\lombok\lombok-1.18.39-4050.jar c:\Users\RESHU PATEL\.vscode\extensions\redhat.java-1.55.0-win32-x64\server\plugins\org.eclipse.equinox.launcher_1.7.200.v20260619-2039.jar -configuration c:\Users\RESHU PATEL\AppData\Roaming\Code\User\globalStorage\redhat.java\1.55.0\config_ss_win -data c:\Users\RESHU PATEL\AppData\Roaming\Code\User\workspaceStorage\4541e97106011cd3cbea45b0cc5f5ae3\redhat.java\ss_ws --pipe=\\.\pipe\lsp-88474b20e6c4f7a32319d0dd0c745fa9-sock

Host: 12th Gen Intel(R) Core(TM) i5-12450H, 12 cores, 15G,  Windows 11 , 64 bit Build 26100 (10.0.26100.8737)
Time: Tue Jul 14 09:53:01 2026 India Standard Time elapsed time: 30.580561 seconds (0d 0h 0m 30s)

---------------  T H R E A D  ---------------

Current thread (0x00000243ecc3efd0):  JavaThread "C2 CompilerThread0" daemon [_thread_in_native, id=10508, stack(0x000000f7d4000000,0x000000f7d4100000) (1024K)]


Current CompileTask:
C2:30581 3443       4       org.lombokweb.asm.ClassReader::readMethod (1070 bytes)

Stack: [0x000000f7d4000000,0x000000f7d4100000]
Native frames: (J=compiled Java code, j=interpreted, Vv=VM code, C=native code)
V  [jvm.dll+0x6d7e19]
V  [jvm.dll+0x8b5096]
V  [jvm.dll+0x8b764e]
V  [jvm.dll+0x8b7d33]
V  [jvm.dll+0x284596]
V  [jvm.dll+0xc685d]
V  [jvm.dll+0xc6da1]
V  [jvm.dll+0x3bed31]
V  [jvm.dll+0x38b2b2]
V  [jvm.dll+0x38a6fa]
V  [jvm.dll+0x24c700]
V  [jvm.dll+0x24bce0]
V  [jvm.dll+0x1cb4ae]
V  [jvm.dll+0x25baad]
V  [jvm.dll+0x25a03a]
V  [jvm.dll+0x3f868e]
V  [jvm.dll+0x85fb0d]
V  [jvm.dll+0x6d664d]
C  [ucrtbase.dll+0x2cd30]
C  [KERNEL32.DLL+0x2e957]
C  [ntdll.dll+0xaad6c]


---------------  P R O C E S S  ---------------

Threads class SMR info:
_java_thread_list=0x00000243f3466bc0, length=21, elements={
0x00000243d2a5a380, 0x00000243d4fb0380, 0x00000243d4fb21b0, 0x00000243d4fb77c0,
0x00000243d4fb98b0, 0x00000243d4fba570, 0x00000243d4fbb810, 0x00000243ecc3efd0,
0x00000243ecc40d00, 0x00000243ecdce370, 0x00000243ecedef40, 0x00000243f27baf30,
0x00000243f25ba3f0, 0x00000243f25b6f70, 0x00000243f25b8320, 0x00000243f2a87030,
0x00000243f2a84f60, 0x00000243f2a89e20, 0x00000243f2a89100, 0x00000243f2a730d0,
0x00000243f2383a00
}

Java Threads: ( => current thread )
  0x00000243d2a5a380 JavaThread "main"                              [_thread_blocked, id=17572, stack(0x000000f7d3600000,0x000000f7d3700000) (1024K)]
  0x00000243d4fb0380 JavaThread "Reference Handler"          daemon [_thread_blocked, id=12900, stack(0x000000f7d3a00000,0x000000f7d3b00000) (1024K)]
  0x00000243d4fb21b0 JavaThread "Finalizer"                  daemon [_thread_blocked, id=22828, stack(0x000000f7d3b00000,0x000000f7d3c00000) (1024K)]
  0x00000243d4fb77c0 JavaThread "Signal Dispatcher"          daemon [_thread_blocked, id=18952, stack(0x000000f7d3c00000,0x000000f7d3d00000) (1024K)]
  0x00000243d4fb98b0 JavaThread "Attach Listener"            daemon [_thread_blocked, id=11280, stack(0x000000f7d3d00000,0x000000f7d3e00000) (1024K)]
  0x00000243d4fba570 JavaThread "Service Thread"             daemon [_thread_blocked, id=18488, stack(0x000000f7d3e00000,0x000000f7d3f00000) (1024K)]
  0x00000243d4fbb810 JavaThread "Monitor Deflation Thread"   daemon [_thread_blocked, id=3248, stack(0x000000f7d3f00000,0x000000f7d4000000) (1024K)]
=>0x00000243ecc3efd0 JavaThread "C2 CompilerThread0"         daemon [_thread_in_native, id=10508, stack(0x000000f7d4000000,0x000000f7d4100000) (1024K)]
  0x00000243ecc40d00 JavaThread "C1 CompilerThread0"         daemon [_thread_blocked, id=25704, stack(0x000000f7d4100000,0x000000f7d4200000) (1024K)]
  0x00000243ecdce370 JavaThread "Common-Cleaner"             daemon [_thread_blocked, id=9984, stack(0x000000f7d4300000,0x000000f7d4400000) (1024K)]
  0x00000243ecedef40 JavaThread "Notification Thread"        daemon [_thread_blocked, id=11464, stack(0x000000f7d4400000,0x000000f7d4500000) (1024K)]
  0x00000243f27baf30 JavaThread "Active Thread: Equinox Container: 9a404571-30df-4d41-b769-d1dcad9d0952"        [_thread_blocked, id=20904, stack(0x000000f7d5000000,0x000000f7d5100000) (1024K)]
  0x00000243f25ba3f0 JavaThread "Framework Event Dispatcher: Equinox Container: 9a404571-30df-4d41-b769-d1dcad9d0952" daemon [_thread_blocked, id=9416, stack(0x000000f7d4200000,0x000000f7d4300000) (1024K)]
  0x00000243f25b6f70 JavaThread "Start Level: Equinox Container: 9a404571-30df-4d41-b769-d1dcad9d0952" daemon [_thread_in_Java, id=16536, stack(0x000000f7d4500000,0x000000f7d4600000) (1024K)]
  0x00000243f25b8320 JavaThread "Refresh Thread: Equinox Container: 9a404571-30df-4d41-b769-d1dcad9d0952" daemon [_thread_blocked, id=19708, stack(0x000000f7d4d00000,0x000000f7d4e00000) (1024K)]
  0x00000243f2a87030 JavaThread "SCR Component Actor"        daemon [_thread_blocked, id=20880, stack(0x000000f7d5c00000,0x000000f7d5d00000) (1024K)]
  0x00000243f2a84f60 JavaThread "Worker-JM"                         [_thread_blocked, id=17616, stack(0x000000f7d5e00000,0x000000f7d5f00000) (1024K)]
  0x00000243f2a89e20 JavaThread "Worker-0"                          [_thread_blocked, id=4660, stack(0x000000f7d5f00000,0x000000f7d6000000) (1024K)]
  0x00000243f2a89100 JavaThread "Worker-1"                          [_thread_blocked, id=23996, stack(0x000000f7d6000000,0x000000f7d6100000) (1024K)]
  0x00000243f2a730d0 JavaThread "C2 CompilerThread1"         daemon [_thread_blocked, id=22428, stack(0x000000f7d4f00000,0x000000f7d5000000) (1024K)]
  0x00000243f2383a00 JavaThread "C2 CompilerThread2"         daemon [_thread_in_native, id=12552, stack(0x000000f7d5100000,0x000000f7d5200000) (1024K)]
Total: 21

Other Threads:
  0x00000243ecc310a0 VMThread "VM Thread"                           [id=22484, stack(0x000000f7d3900000,0x000000f7d3a00000) (1024K)]
  0x00000243d4d9ca00 WatcherThread "VM Periodic Task Thread"        [id=16100, stack(0x000000f7d3800000,0x000000f7d3900000) (1024K)]
  0x00000243d4f292a0 WorkerThread "GC Thread#0"                     [id=10904, stack(0x000000f7d3700000,0x000000f7d3800000) (1024K)]
  0x00000243f23e9d10 WorkerThread "GC Thread#1"                     [id=18712, stack(0x000000f7d4600000,0x000000f7d4700000) (1024K)]
  0x00000243f23ea470 WorkerThread "GC Thread#2"                     [id=12316, stack(0x000000f7d4700000,0x000000f7d4800000) (1024K)]
  0x00000243f23e9960 WorkerThread "GC Thread#3"                     [id=8888, stack(0x000000f7d4800000,0x000000f7d4900000) (1024K)]
  0x00000243f23ea0c0 WorkerThread "GC Thread#4"                     [id=25348, stack(0x000000f7d4900000,0x000000f7d4a00000) (1024K)]
  0x00000243f23ea820 WorkerThread "GC Thread#5"                     [id=7688, stack(0x000000f7d4a00000,0x000000f7d4b00000) (1024K)]
  0x00000243f23eabd0 WorkerThread "GC Thread#6"                     [id=10284, stack(0x000000f7d4b00000,0x000000f7d4c00000) (1024K)]
  0x00000243f23eaf80 WorkerThread "GC Thread#7"                     [id=15344, stack(0x000000f7d4c00000,0x000000f7d4d00000) (1024K)]
  0x00000243f3151370 WorkerThread "GC Thread#8"                     [id=5240, stack(0x000000f7d4e00000,0x000000f7d4f00000) (1024K)]
  0x00000243f314dfd0 WorkerThread "GC Thread#9"                     [id=14472, stack(0x000000f7d5d00000,0x000000f7d5e00000) (1024K)]
Total: 12

Threads with active compile tasks:
C2 CompilerThread0  30658 3443       4       org.lombokweb.asm.ClassReader::readMethod (1070 bytes)
C2 CompilerThread2  30658 3512       4       lombok.patcher.PatchScript$MethodPatcher::visitMethod (158 bytes)
Total: 2

VM state: not at safepoint (normal execution)

VM Mutex/Monitor currently owned by a thread: None

Heap address: 0x0000000080000000, size: 2048 MB, Compressed Oops mode: 32-bit

CDS archive(s) mapped at: [0x0000024380000000-0x0000024380ba0000-0x0000024380ba0000), size 12189696, SharedBaseAddress: 0x0000024380000000, ArchiveRelocationMode: 1.
Compressed class space mapped at: 0x0000024381000000-0x00000243c1000000, reserved size: 1073741824
Narrow klass base: 0x0000024380000000, Narrow klass shift: 0, Narrow klass range: 0x100000000

GC Precious Log:
 CardTable entry size: 512
 CPUs: 12 total, 12 available
 Memory: 16052M
 Large Page Support: Disabled
 NUMA Support: Disabled
 Compressed Oops: Enabled (32-bit)
 Alignments: Space 512K, Generation 512K, Heap 2M
 Heap Min Capacity: 100M
 Heap Initial Capacity: 100M
 Heap Max Capacity: 2G
 Pre-touch: Disabled
 Parallel Workers: 10

Heap:
 PSYoungGen      total 28160K, used 17109K [0x00000000d5580000, 0x00000000d7580000, 0x0000000100000000)
  eden space 24576K, 69% used [0x00000000d5580000,0x00000000d66354a8,0x00000000d6d80000)
  from space 3584K, 0% used [0x00000000d6e80000,0x00000000d6e80000,0x00000000d7200000)
  to   space 3584K, 0% used [0x00000000d7200000,0x00000000d7200000,0x00000000d7580000)
 ParOldGen       total 68608K, used 10209K [0x0000000080000000, 0x0000000084300000, 0x00000000d5580000)
  object space 68608K, 14% used [0x0000000080000000,0x00000000809f86a8,0x0000000084300000)
 Metaspace       used 21840K, committed 22464K, reserved 1114112K
  class space    used 2070K, committed 2368K, reserved 1048576K

Card table byte_map: [0x00000243d48b0000,0x00000243d4cc0000] _byte_map_base: 0x00000243d44b0000

Marking Bits: (ParMarkBitMap*) 0x00007ffcf46e4460
 Begin Bits: [0x00000243e73c0000, 0x00000243e93c0000)
 End Bits:   [0x00000243e93c0000, 0x00000243eb3c0000)

Polling page: 0x00000243d2d20000

Metaspace:

Usage:
  Non-class:     19.31 MB used.
      Class:      2.02 MB used.
       Both:     21.33 MB used.

Virtual space:
  Non-class space:       64.00 MB reserved,      19.62 MB ( 31%) committed,  1 nodes.
      Class space:        1.00 GB reserved,       2.31 MB ( <1%) committed,  1 nodes.
             Both:        1.06 GB reserved,      21.94 MB (  2%) committed. 

Chunk freelists:
   Non-Class:  11.75 MB
       Class:  13.74 MB
        Both:  25.49 MB

MaxMetaspaceSize: unlimited
CompressedClassSpaceSize: 1.00 GB
Initial GC threshold: 21.00 MB
Current GC threshold: 35.00 MB
CDS: on
 - commit_granule_bytes: 65536.
 - commit_granule_words: 8192.
 - virtual_space_node_default_size: 8388608.
 - enlarge_chunks_in_place: 1.
 - use_allocation_guard: 0.


Internal statistics:

num_allocs_failed_limit: 3.
num_arena_births: 474.
num_arena_deaths: 14.
num_vsnodes_births: 2.
num_vsnodes_deaths: 0.
num_space_committed: 351.
num_space_uncommitted: 0.
num_chunks_returned_to_freelist: 17.
num_chunks_taken_from_freelist: 1277.
num_chunk_merges: 7.
num_chunk_splits: 835.
num_chunks_enlarged: 554.
num_inconsistent_stats: 0.

CodeHeap 'non-profiled nmethods': size=120000Kb used=1506Kb max_used=1506Kb free=118493Kb
 bounds [0x00000243dfbe0000, 0x00000243dfe50000, 0x00000243e7110000]
CodeHeap 'profiled nmethods': size=120000Kb used=7445Kb max_used=7445Kb free=112554Kb
 bounds [0x00000243d8110000, 0x00000243d8860000, 0x00000243df640000]
CodeHeap 'non-nmethods': size=5760Kb used=1307Kb max_used=1324Kb free=4452Kb
 bounds [0x00000243df640000, 0x00000243df8b0000, 0x00000243dfbe0000]
CodeCache: size=245760Kb, used=10258Kb, max_used=10275Kb, free=235499Kb
 total_blobs=4095, nmethods=3508, adapters=493, full_count=0
Compilation: enabled, stopped_count=0, restarted_count=0

Compilation events (20 events):
Event: 28.440 Thread 0x00000243ecc40d00 3494       3       org.eclipse.core.internal.preferences.RootPreferences::getNode (135 bytes)
Event: 28.443 Thread 0x00000243ecc40d00 nmethod 3494 0x00000243d8849510 code [0x00000243d8849860, 0x00000243d884ac00]
Event: 28.443 Thread 0x00000243ecc40d00 3495   !   3       org.eclipse.core.internal.preferences.EclipsePreferences::getOrCreate (108 bytes)
Event: 28.445 Thread 0x00000243ecc40d00 nmethod 3495 0x00000243d884b310 code [0x00000243d884b560, 0x00000243d884c020]
Event: 28.446 Thread 0x00000243ecc40d00 3489       3       org.eclipse.core.internal.preferences.DefaultPreferences::getLoadLevel (52 bytes)
Event: 28.447 Thread 0x00000243ecc40d00 nmethod 3489 0x00000243d884c410 code [0x00000243d884c600, 0x00000243d884cc50]
Event: 29.460 Thread 0x00000243ecc40d00 3497       3       org.eclipse.core.internal.registry.Handle::<init> (15 bytes)
Event: 29.461 Thread 0x00000243ecc40d00 nmethod 3497 0x00000243d884ce90 code [0x00000243d884d040, 0x00000243d884d1c8]
Event: 29.467 Thread 0x00000243ecc40d00 3498       3       java.io.File::isFile (34 bytes)
Event: 29.468 Thread 0x00000243ecc40d00 nmethod 3498 0x00000243d884d290 code [0x00000243d884d480, 0x00000243d884d888]
Event: 29.508 Thread 0x00000243ecc40d00 3499       3       java.lang.Integer::parseInt (285 bytes)
Event: 29.512 Thread 0x00000243ecc40d00 nmethod 3499 0x00000243d884da10 code [0x00000243d884de20, 0x00000243d884f638]
Event: 29.513 Thread 0x00000243ecc40d00 3500       3       java.nio.CharBuffer::allocate (20 bytes)
Event: 29.514 Thread 0x00000243ecc40d00 nmethod 3500 0x00000243d884ff90 code [0x00000243d8850160, 0x00000243d8850378]
Event: 29.514 Thread 0x00000243ecc40d00 3501       3       java.nio.charset.CharsetDecoder::flush (49 bytes)
Event: 29.516 Thread 0x00000243ecc40d00 nmethod 3501 0x00000243d8850490 code [0x00000243d8850660, 0x00000243d8850a28]
Event: 29.558 Thread 0x00000243ecc40d00 3505       1       org.eclipse.osgi.internal.loader.EquinoxClassLoader::getDebug (5 bytes)
Event: 29.558 Thread 0x00000243ecc40d00 nmethod 3505 0x00000243dfd53c90 code [0x00000243dfd53e20, 0x00000243dfd53ee8]
Event: 29.559 Thread 0x00000243f2a730d0 3456   !   4       java.util.concurrent.ConcurrentHashMap::putVal (432 bytes)
Event: 29.559 Thread 0x00000243f2383a00 3502       4       lombok.launch.ClassFileMetaData::decodeString (181 bytes)

GC Heap History (16 events):
Event: 1.428 GC heap before
{Heap before GC invocations=1 (full 0):
 PSYoungGen      total 29696K, used 25600K [0x00000000d5580000, 0x00000000d7680000, 0x0000000100000000)
  eden space 25600K, 100% used [0x00000000d5580000,0x00000000d6e80000,0x00000000d6e80000)
  from space 4096K, 0% used [0x00000000d7280000,0x00000000d7280000,0x00000000d7680000)
  to   space 4096K, 0% used [0x00000000d6e80000,0x00000000d6e80000,0x00000000d7280000)
 ParOldGen       total 68608K, used 0K [0x0000000080000000, 0x0000000084300000, 0x00000000d5580000)
  object space 68608K, 0% used [0x0000000080000000,0x0000000080000000,0x0000000084300000)
 Metaspace       used 4478K, committed 4736K, reserved 1114112K
  class space    used 491K, committed 576K, reserved 1048576K
}
Event: 1.437 GC heap after
{Heap after GC invocations=1 (full 0):
 PSYoungGen      total 29696K, used 3303K [0x00000000d5580000, 0x00000000d7680000, 0x0000000100000000)
  eden space 25600K, 0% used [0x00000000d5580000,0x00000000d5580000,0x00000000d6e80000)
  from space 4096K, 80% used [0x00000000d6e80000,0x00000000d71b9e98,0x00000000d7280000)
  to   space 4096K, 0% used [0x00000000d7280000,0x00000000d7280000,0x00000000d7680000)
 ParOldGen       total 68608K, used 16K [0x0000000080000000, 0x0000000084300000, 0x00000000d5580000)
  object space 68608K, 0% used [0x0000000080000000,0x0000000080004000,0x0000000084300000)
 Metaspace       used 4478K, committed 4736K, reserved 1114112K
  class space    used 491K, committed 576K, reserved 1048576K
}
Event: 17.389 GC heap before
{Heap before GC invocations=2 (full 0):
 PSYoungGen      total 29696K, used 28903K [0x00000000d5580000, 0x00000000d7680000, 0x0000000100000000)
  eden space 25600K, 100% used [0x00000000d5580000,0x00000000d6e80000,0x00000000d6e80000)
  from space 4096K, 80% used [0x00000000d6e80000,0x00000000d71b9e98,0x00000000d7280000)
  to   space 4096K, 0% used [0x00000000d7280000,0x00000000d7280000,0x00000000d7680000)
 ParOldGen       total 68608K, used 16K [0x0000000080000000, 0x0000000084300000, 0x00000000d5580000)
  object space 68608K, 0% used [0x0000000080000000,0x0000000080004000,0x0000000084300000)
 Metaspace       used 8355K, committed 8640K, reserved 1114112K
  class space    used 891K, committed 1024K, reserved 1048576K
}
Event: 17.399 GC heap after
{Heap after GC invocations=2 (full 0):
 PSYoungGen      total 29696K, used 4094K [0x00000000d5580000, 0x00000000d7680000, 0x0000000100000000)
  eden space 25600K, 0% used [0x00000000d5580000,0x00000000d5580000,0x00000000d6e80000)
  from space 4096K, 99% used [0x00000000d7280000,0x00000000d767f980,0x00000000d7680000)
  to   space 4096K, 0% used [0x00000000d6e80000,0x00000000d6e80000,0x00000000d7280000)
 ParOldGen       total 68608K, used 64K [0x0000000080000000, 0x0000000084300000, 0x00000000d5580000)
  object space 68608K, 0% used [0x0000000080000000,0x0000000080010000,0x0000000084300000)
 Metaspace       used 8355K, committed 8640K, reserved 1114112K
  class space    used 891K, committed 1024K, reserved 1048576K
}
Event: 18.991 GC heap before
{Heap before GC invocations=3 (full 0):
 PSYoungGen      total 29696K, used 29694K [0x00000000d5580000, 0x00000000d7680000, 0x0000000100000000)
  eden space 25600K, 100% used [0x00000000d5580000,0x00000000d6e80000,0x00000000d6e80000)
  from space 4096K, 99% used [0x00000000d7280000,0x00000000d767f980,0x00000000d7680000)
  to   space 4096K, 0% used [0x00000000d6e80000,0x00000000d6e80000,0x00000000d7280000)
 ParOldGen       total 68608K, used 64K [0x0000000080000000, 0x0000000084300000, 0x00000000d5580000)
  object space 68608K, 0% used [0x0000000080000000,0x0000000080010000,0x0000000084300000)
 Metaspace       used 8881K, committed 9152K, reserved 1114112K
  class space    used 924K, committed 1088K, reserved 1048576K
}
Event: 19.015 GC heap after
{Heap after GC invocations=3 (full 0):
 PSYoungGen      total 29696K, used 4090K [0x00000000d5580000, 0x00000000d7680000, 0x0000000100000000)
  eden space 25600K, 0% used [0x00000000d5580000,0x00000000d5580000,0x00000000d6e80000)
  from space 4096K, 99% used [0x00000000d6e80000,0x00000000d727e818,0x00000000d7280000)
  to   space 4096K, 0% used [0x00000000d7280000,0x00000000d7280000,0x00000000d7680000)
 ParOldGen       total 68608K, used 6355K [0x0000000080000000, 0x0000000084300000, 0x00000000d5580000)
  object space 68608K, 9% used [0x0000000080000000,0x0000000080634e20,0x0000000084300000)
 Metaspace       used 8881K, committed 9152K, reserved 1114112K
  class space    used 924K, committed 1088K, reserved 1048576K
}
Event: 21.855 GC heap before
{Heap before GC invocations=4 (full 0):
 PSYoungGen      total 29696K, used 29690K [0x00000000d5580000, 0x00000000d7680000, 0x0000000100000000)
  eden space 25600K, 100% used [0x00000000d5580000,0x00000000d6e80000,0x00000000d6e80000)
  from space 4096K, 99% used [0x00000000d6e80000,0x00000000d727e818,0x00000000d7280000)
  to   space 4096K, 0% used [0x00000000d7280000,0x00000000d7280000,0x00000000d7680000)
 ParOldGen       total 68608K, used 6355K [0x0000000080000000, 0x0000000084300000, 0x00000000d5580000)
  object space 68608K, 9% used [0x0000000080000000,0x0000000080634e20,0x0000000084300000)
 Metaspace       used 12709K, committed 13120K, reserved 1114112K
  class space    used 1324K, committed 1536K, reserved 1048576K
}
Event: 21.865 GC heap after
{Heap after GC invocations=4 (full 0):
 PSYoungGen      total 29696K, used 4084K [0x00000000d5580000, 0x00000000d7680000, 0x0000000100000000)
  eden space 25600K, 0% used [0x00000000d5580000,0x00000000d5580000,0x00000000d6e80000)
  from space 4096K, 99% used [0x00000000d7280000,0x00000000d767d0d0,0x00000000d7680000)
  to   space 4096K, 0% used [0x00000000d6e80000,0x00000000d6e80000,0x00000000d7280000)
 ParOldGen       total 68608K, used 8036K [0x0000000080000000, 0x0000000084300000, 0x00000000d5580000)
  object space 68608K, 11% used [0x0000000080000000,0x00000000807d9130,0x0000000084300000)
 Metaspace       used 12709K, committed 13120K, reserved 1114112K
  class space    used 1324K, committed 1536K, reserved 1048576K
}
Event: 23.945 GC heap before
{Heap before GC invocations=5 (full 0):
 PSYoungGen      total 29696K, used 29667K [0x00000000d5580000, 0x00000000d7680000, 0x0000000100000000)
  eden space 25600K, 99% used [0x00000000d5580000,0x00000000d6e7bd18,0x00000000d6e80000)
  from space 4096K, 99% used [0x00000000d7280000,0x00000000d767d0d0,0x00000000d7680000)
  to   space 4096K, 0% used [0x00000000d6e80000,0x00000000d6e80000,0x00000000d7280000)
 ParOldGen       total 68608K, used 8036K [0x0000000080000000, 0x0000000084300000, 0x00000000d5580000)
  object space 68608K, 11% used [0x0000000080000000,0x00000000807d9130,0x0000000084300000)
 Metaspace       used 17034K, committed 17600K, reserved 1114112K
  class space    used 1739K, committed 1984K, reserved 1048576K
}
Event: 23.957 GC heap after
{Heap after GC invocations=5 (full 0):
 PSYoungGen      total 29184K, used 4094K [0x00000000d5580000, 0x00000000d7a00000, 0x0000000100000000)
  eden space 25088K, 0% used [0x00000000d5580000,0x00000000d5580000,0x00000000d6e00000)
  from space 4096K, 99% used [0x00000000d6e80000,0x00000000d727f8c0,0x00000000d7280000)
  to   space 6144K, 0% used [0x00000000d7400000,0x00000000d7400000,0x00000000d7a00000)
 ParOldGen       total 68608K, used 9755K [0x0000000080000000, 0x0000000084300000, 0x00000000d5580000)
  object space 68608K, 14% used [0x0000000080000000,0x0000000080986ed8,0x0000000084300000)
 Metaspace       used 17034K, committed 17600K, reserved 1114112K
  class space    used 1739K, committed 1984K, reserved 1048576K
}
Event: 25.817 GC heap before
{Heap before GC invocations=6 (full 0):
 PSYoungGen      total 29184K, used 29182K [0x00000000d5580000, 0x00000000d7a00000, 0x0000000100000000)
  eden space 25088K, 100% used [0x00000000d5580000,0x00000000d6e00000,0x00000000d6e00000)
  from space 4096K, 99% used [0x00000000d6e80000,0x00000000d727f8c0,0x00000000d7280000)
  to   space 6144K, 0% used [0x00000000d7400000,0x00000000d7400000,0x00000000d7a00000)
 ParOldGen       total 68608K, used 9755K [0x0000000080000000, 0x0000000084300000, 0x00000000d5580000)
  object space 68608K, 14% used [0x0000000080000000,0x0000000080986ed8,0x0000000084300000)
 Metaspace       used 20263K, committed 20864K, reserved 1114112K
  class space    used 1959K, committed 2240K, reserved 1048576K
}
Event: 25.826 GC heap after
{Heap after GC invocations=6 (full 0):
 PSYoungGen      total 29184K, used 4423K [0x00000000d5580000, 0x00000000d7880000, 0x0000000100000000)
  eden space 24576K, 0% used [0x00000000d5580000,0x00000000d5580000,0x00000000d6d80000)
  from space 4608K, 95% used [0x00000000d7400000,0x00000000d7851c90,0x00000000d7880000)
  to   space 5120K, 0% used [0x00000000d6e80000,0x00000000d6e80000,0x00000000d7380000)
 ParOldGen       total 68608K, used 9763K [0x0000000080000000, 0x0000000084300000, 0x00000000d5580000)
  object space 68608K, 14% used [0x0000000080000000,0x0000000080988ed8,0x0000000084300000)
 Metaspace       used 20263K, committed 20864K, reserved 1114112K
  class space    used 1959K, committed 2240K, reserved 1048576K
}
Event: 27.005 GC heap before
{Heap before GC invocations=7 (full 0):
 PSYoungGen      total 29184K, used 10760K [0x00000000d5580000, 0x00000000d7880000, 0x0000000100000000)
  eden space 24576K, 25% used [0x00000000d5580000,0x00000000d5bb04c0,0x00000000d6d80000)
  from space 4608K, 95% used [0x00000000d7400000,0x00000000d7851c90,0x00000000d7880000)
  to   space 5120K, 0% used [0x00000000d6e80000,0x00000000d6e80000,0x00000000d7380000)
 ParOldGen       total 68608K, used 9763K [0x0000000080000000, 0x0000000084300000, 0x00000000d5580000)
  object space 68608K, 14% used [0x0000000080000000,0x0000000080988ed8,0x0000000084300000)
 Metaspace       used 20932K, committed 21504K, reserved 1114112K
  class space    used 2009K, committed 2240K, reserved 1048576K
}
Event: 27.014 GC heap after
{Heap after GC invocations=7 (full 0):
 PSYoungGen      total 28160K, used 3470K [0x00000000d5580000, 0x00000000d7580000, 0x0000000100000000)
  eden space 24576K, 0% used [0x00000000d5580000,0x00000000d5580000,0x00000000d6d80000)
  from space 3584K, 96% used [0x00000000d6e80000,0x00000000d71e3ad8,0x00000000d7200000)
  to   space 3584K, 0% used [0x00000000d7200000,0x00000000d7200000,0x00000000d7580000)
 ParOldGen       total 68608K, used 10678K [0x0000000080000000, 0x0000000084300000, 0x00000000d5580000)
  object space 68608K, 15% used [0x0000000080000000,0x0000000080a6da48,0x0000000084300000)
 Metaspace       used 20932K, committed 21504K, reserved 1114112K
  class space    used 2009K, committed 2240K, reserved 1048576K
}
Event: 27.014 GC heap before
{Heap before GC invocations=8 (full 1):
 PSYoungGen      total 28160K, used 3470K [0x00000000d5580000, 0x00000000d7580000, 0x0000000100000000)
  eden space 24576K, 0% used [0x00000000d5580000,0x00000000d5580000,0x00000000d6d80000)
  from space 3584K, 96% used [0x00000000d6e80000,0x00000000d71e3ad8,0x00000000d7200000)
  to   space 3584K, 0% used [0x00000000d7200000,0x00000000d7200000,0x00000000d7580000)
 ParOldGen       total 68608K, used 10678K [0x0000000080000000, 0x0000000084300000, 0x00000000d5580000)
  object space 68608K, 15% used [0x0000000080000000,0x0000000080a6da48,0x0000000084300000)
 Metaspace       used 20932K, committed 21504K, reserved 1114112K
  class space    used 2009K, committed 2240K, reserved 1048576K
}
Event: 27.090 GC heap after
{Heap after GC invocations=8 (full 1):
 PSYoungGen      total 28160K, used 0K [0x00000000d5580000, 0x00000000d7580000, 0x0000000100000000)
  eden space 24576K, 0% used [0x00000000d5580000,0x00000000d5580000,0x00000000d6d80000)
  from space 3584K, 0% used [0x00000000d6e80000,0x00000000d6e80000,0x00000000d7200000)
  to   space 3584K, 0% used [0x00000000d7200000,0x00000000d7200000,0x00000000d7580000)
 ParOldGen       total 68608K, used 10209K [0x0000000080000000, 0x0000000084300000, 0x00000000d5580000)
  object space 68608K, 14% used [0x0000000080000000,0x00000000809f86a8,0x0000000084300000)
 Metaspace       used 20919K, committed 21504K, reserved 1114112K
  class space    used 2006K, committed 2240K, reserved 1048576K
}

Dll operation events (9 events):
Event: 0.131 Loaded shared library c:\Users\RESHU PATEL\.vscode\extensions\redhat.java-1.55.0-win32-x64\jre\21.0.11-win32-x86_64\bin\java.dll
Event: 0.227 Loaded shared library c:\Users\RESHU PATEL\.vscode\extensions\redhat.java-1.55.0-win32-x64\jre\21.0.11-win32-x86_64\bin\zip.dll
Event: 0.270 Loaded shared library C:\Users\RESHU PATEL\.vscode\extensions\redhat.java-1.55.0-win32-x64\jre\21.0.11-win32-x86_64\bin\instrument.dll
Event: 0.373 Loaded shared library C:\Users\RESHU PATEL\.vscode\extensions\redhat.java-1.55.0-win32-x64\jre\21.0.11-win32-x86_64\bin\net.dll
Event: 0.472 Loaded shared library C:\Users\RESHU PATEL\.vscode\extensions\redhat.java-1.55.0-win32-x64\jre\21.0.11-win32-x86_64\bin\nio.dll
Event: 0.476 Loaded shared library C:\Users\RESHU PATEL\.vscode\extensions\redhat.java-1.55.0-win32-x64\jre\21.0.11-win32-x86_64\bin\zip.dll
Event: 0.506 Loaded shared library C:\Users\RESHU PATEL\.vscode\extensions\redhat.java-1.55.0-win32-x64\jre\21.0.11-win32-x86_64\bin\jimage.dll
Event: 0.694 Loaded shared library c:\Users\RESHU PATEL\.vscode\extensions\redhat.java-1.55.0-win32-x64\jre\21.0.11-win32-x86_64\bin\verify.dll
Event: 18.754 Loaded shared library C:\Users\RESHU PATEL\AppData\Roaming\Code\User\globalStorage\redhat.java\1.55.0\config_ss_win\org.eclipse.equinox.launcher\org.eclipse.equinox.launcher.win32.win32.x86_64_1.3.100.v20260613-0559\eclipse_11924.dll

Deoptimization events (20 events):
Event: 23.758 Thread 0x00000243f25b6f70 Uncommon trap: trap_request=0xffffffde fr.pc=0x00000243dfd30094 relative=0x00000000000003b4
Event: 23.758 Thread 0x00000243f25b6f70 Uncommon trap: reason=class_check action=maybe_recompile pc=0x00000243dfd30094 method=java.util.regex.Pattern$BmpCharPropertyGreedy.match(Ljava/util/regex/Matcher;ILjava/lang/CharSequence;)Z @ 70 c2
Event: 23.758 Thread 0x00000243f25b6f70 DEOPT PACKING pc=0x00000243dfd30094 sp=0x000000f7d45f3290
Event: 23.758 Thread 0x00000243f25b6f70 DEOPT UNPACKING pc=0x00000243df693aa2 sp=0x000000f7d45f3238 mode 2
Event: 24.704 Thread 0x00000243f25b6f70 Uncommon trap: trap_request=0xffffff6e fr.pc=0x00000243dfd4e304 relative=0x0000000000000a04
Event: 24.704 Thread 0x00000243f25b6f70 Uncommon trap: reason=loop_limit_check action=maybe_recompile pc=0x00000243dfd4e304 method=java.util.regex.Pattern$StartS.match(Ljava/util/regex/Matcher;ILjava/lang/CharSequence;)Z @ 34 c2
Event: 24.704 Thread 0x00000243f25b6f70 DEOPT PACKING pc=0x00000243dfd4e304 sp=0x000000f7d45f29a0
Event: 24.704 Thread 0x00000243f25b6f70 DEOPT UNPACKING pc=0x00000243df693aa2 sp=0x000000f7d45f28f0 mode 2
Event: 25.841 Thread 0x00000243f25b6f70 Uncommon trap: trap_request=0xffffff45 fr.pc=0x00000243dfd530ec relative=0x000000000000014c
Event: 25.841 Thread 0x00000243f25b6f70 Uncommon trap: reason=unstable_if action=reinterpret pc=0x00000243dfd530ec method=org.lombokweb.asm.ByteVector.putByteArray([BII)Lorg/lombokweb/asm/ByteVector; @ 20 c2
Event: 25.841 Thread 0x00000243f25b6f70 DEOPT PACKING pc=0x00000243dfd530ec sp=0x000000f7d45eed10
Event: 25.841 Thread 0x00000243f25b6f70 DEOPT UNPACKING pc=0x00000243df693aa2 sp=0x000000f7d45eece0 mode 2
Event: 25.841 Thread 0x00000243f25b6f70 Uncommon trap: trap_request=0xffffff45 fr.pc=0x00000243dfd51924 relative=0x0000000000000364
Event: 25.841 Thread 0x00000243f25b6f70 Uncommon trap: reason=unstable_if action=reinterpret pc=0x00000243dfd51924 method=org.lombokweb.asm.Label.resolve([BLorg/lombokweb/asm/ByteVector;I)Z @ 81 c2
Event: 25.841 Thread 0x00000243f25b6f70 DEOPT PACKING pc=0x00000243dfd51924 sp=0x000000f7d45eeda0
Event: 25.841 Thread 0x00000243f25b6f70 DEOPT UNPACKING pc=0x00000243df693aa2 sp=0x000000f7d45eeca8 mode 2
Event: 25.842 Thread 0x00000243f25b6f70 Uncommon trap: trap_request=0xffffff45 fr.pc=0x00000243dfd520bc relative=0x000000000000021c
Event: 25.842 Thread 0x00000243f25b6f70 Uncommon trap: reason=unstable_if action=reinterpret pc=0x00000243dfd520bc method=org.lombokweb.asm.Label.resolve([BLorg/lombokweb/asm/ByteVector;I)Z @ 81 c2
Event: 25.842 Thread 0x00000243f25b6f70 DEOPT PACKING pc=0x00000243dfd520bc sp=0x000000f7d45eed10
Event: 25.842 Thread 0x00000243f25b6f70 DEOPT UNPACKING pc=0x00000243df693aa2 sp=0x000000f7d45eeca0 mode 2

Classes loaded (20 events):
Event: 23.827 Loading class java/io/StringReader
Event: 23.827 Loading class java/io/StringReader done
Event: 23.837 Loading class java/util/zip/GZIPOutputStream
Event: 23.837 Loading class java/util/zip/GZIPOutputStream done
Event: 23.854 Loading class java/net/SocketTimeoutException
Event: 23.855 Loading class java/io/InterruptedIOException
Event: 23.855 Loading class java/io/InterruptedIOException done
Event: 23.855 Loading class java/net/SocketTimeoutException done
Event: 23.855 Loading class java/net/SocketException
Event: 23.855 Loading class java/net/SocketException done
Event: 23.855 Loading class java/net/UnknownHostException
Event: 23.855 Loading class java/net/UnknownHostException done
Event: 23.855 Loading class java/net/ProtocolException
Event: 23.855 Loading class java/net/ProtocolException done
Event: 23.941 Loading class java/lang/ThreadLocal$SuppliedThreadLocal
Event: 23.945 Loading class java/lang/ThreadLocal$SuppliedThreadLocal done
Event: 24.019 Loading class java/io/FileWriter
Event: 24.020 Loading class java/io/FileWriter done
Event: 24.027 Loading class java/lang/NegativeArraySizeException
Event: 24.028 Loading class java/lang/NegativeArraySizeException done

Classes unloaded (7 events):
Event: 27.031 Thread 0x00000243ecc310a0 Unloading class 0x000002438119c800 'java/lang/invoke/LambdaForm$MH+0x000002438119c800'
Event: 27.031 Thread 0x00000243ecc310a0 Unloading class 0x000002438119c400 'java/lang/invoke/LambdaForm$MH+0x000002438119c400'
Event: 27.031 Thread 0x00000243ecc310a0 Unloading class 0x000002438119c000 'java/lang/invoke/LambdaForm$MH+0x000002438119c000'
Event: 27.031 Thread 0x00000243ecc310a0 Unloading class 0x000002438119bc00 'java/lang/invoke/LambdaForm$MH+0x000002438119bc00'
Event: 27.031 Thread 0x00000243ecc310a0 Unloading class 0x000002438119b800 'java/lang/invoke/LambdaForm$BMH+0x000002438119b800'
Event: 27.031 Thread 0x00000243ecc310a0 Unloading class 0x000002438119b400 'java/lang/invoke/LambdaForm$DMH+0x000002438119b400'
Event: 27.031 Thread 0x00000243ecc310a0 Unloading class 0x000002438119a000 'java/lang/invoke/LambdaForm$DMH+0x000002438119a000'

Classes redefined (0 events):
No events

Internal exceptions (20 events):
Event: 23.337 Thread 0x00000243f25b6f70 Exception <a 'java/lang/NoSuchMethodError'{0x00000000d65b6638}: 'java.lang.Object java.lang.invoke.DirectMethodHandle$Holder.newInvokeSpecial(java.lang.Object, java.lang.Object, java.lang.Object, java.lang.Object, java.lang.Object)'> (0x00000000d65b6638) 
thrown [s\src\hotspot\share\interpreter\linkResolver.cpp, line 773]
Event: 23.443 Thread 0x00000243f25b6f70 Exception <a 'java/lang/NoSuchMethodError'{0x00000000d6696390}: 'java.lang.Object java.lang.invoke.DirectMethodHandle$Holder.invokeSpecial(java.lang.Object, java.lang.Object, java.lang.Object, long, java.lang.Object)'> (0x00000000d6696390) 
thrown [s\src\hotspot\share\interpreter\linkResolver.cpp, line 773]
Event: 23.445 Thread 0x00000243f25b6f70 Exception <a 'java/lang/NoSuchMethodError'{0x00000000d669de28}: 'java.lang.Object java.lang.invoke.DirectMethodHandle$Holder.newInvokeSpecial(java.lang.Object, java.lang.Object, java.lang.Object, long)'> (0x00000000d669de28) 
thrown [s\src\hotspot\share\interpreter\linkResolver.cpp, line 773]
Event: 23.447 Thread 0x00000243f25b6f70 Exception <a 'java/lang/NoSuchMethodError'{0x00000000d66a21d8}: 'java.lang.Object java.lang.invoke.DirectMethodHandle$Holder.invokeSpecial(java.lang.Object, java.lang.Object, java.lang.Object, java.lang.Object, long)'> (0x00000000d66a21d8) 
thrown [s\src\hotspot\share\interpreter\linkResolver.cpp, line 773]
Event: 23.448 Thread 0x00000243f25b6f70 Exception <a 'java/lang/NoSuchMethodError'{0x00000000d66a5df8}: 'java.lang.Object java.lang.invoke.Invokers$Holder.linkToTargetMethod(java.lang.Object, java.lang.Object, long, java.lang.Object)'> (0x00000000d66a5df8) 
thrown [s\src\hotspot\share\interpreter\linkResolver.cpp, line 773]
Event: 23.477 Thread 0x00000243f25b6f70 Exception <a 'java/lang/NoSuchMethodError'{0x00000000d6708f38}: 'int java.lang.invoke.DirectMethodHandle$Holder.invokeStaticInit(java.lang.Object, java.lang.Object, java.lang.Object)'> (0x00000000d6708f38) 
thrown [s\src\hotspot\share\interpreter\linkResolver.cpp, line 773]
Event: 23.515 Thread 0x00000243f25b6f70 Exception <a 'java/lang/IncompatibleClassChangeError'{0x00000000d679ef58}: Found class java.lang.Object, but interface was expected> (0x00000000d679ef58) 
thrown [s\src\hotspot\share\interpreter\linkResolver.cpp, line 840]
Event: 23.516 Thread 0x00000243f25b6f70 Exception <a 'java/lang/NoSuchMethodError'{0x00000000d67a2b08}: 'java.lang.Object java.lang.invoke.DirectMethodHandle$Holder.invokeSpecial(java.lang.Object, java.lang.Object, java.lang.Object, int, java.lang.Object, java.lang.Object)'> (0x00000000d67a2b08) 
thrown [s\src\hotspot\share\interpreter\linkResolver.cpp, line 773]
Event: 23.518 Thread 0x00000243f25b6f70 Exception <a 'java/lang/NoSuchMethodError'{0x00000000d67aa5e0}: 'java.lang.Object java.lang.invoke.DirectMethodHandle$Holder.newInvokeSpecial(java.lang.Object, java.lang.Object, java.lang.Object, int, java.lang.Object)'> (0x00000000d67aa5e0) 
thrown [s\src\hotspot\share\interpreter\linkResolver.cpp, line 773]
Event: 23.519 Thread 0x00000243f25b6f70 Exception <a 'java/lang/NoSuchMethodError'{0x00000000d67ae560}: 'java.lang.Object java.lang.invoke.DirectMethodHandle$Holder.invokeSpecial(java.lang.Object, java.lang.Object, java.lang.Object, java.lang.Object, int, java.lang.Object)'> (0x00000000d67ae560) 
thrown [s\src\hotspot\share\interpreter\linkResolver.cpp, line 773]
Event: 23.520 Thread 0x00000243f25b6f70 Exception <a 'java/lang/NoSuchMethodError'{0x00000000d67b20a0}: 'java.lang.Object java.lang.invoke.Invokers$Holder.linkToTargetMethod(java.lang.Object, java.lang.Object, int, java.lang.Object, java.lang.Object)'> (0x00000000d67b20a0) 
thrown [s\src\hotspot\share\interpreter\linkResolver.cpp, line 773]
Event: 23.521 Thread 0x00000243f2a89e20 Exception <a 'java/lang/NoSuchMethodError'{0x00000000d66f5540}: 'java.lang.Object java.lang.invoke.DirectMethodHandle$Holder.invokeSpecial(java.lang.Object, java.lang.Object, int, java.lang.Object, java.lang.Object)'> (0x00000000d66f5540) 
thrown [s\src\hotspot\share\interpreter\linkResolver.cpp, line 773]
Event: 23.522 Thread 0x00000243f2a89e20 Exception <a 'java/lang/NoSuchMethodError'{0x00000000d66fc278}: 'java.lang.Object java.lang.invoke.DirectMethodHandle$Holder.newInvokeSpecial(java.lang.Object, java.lang.Object, int, java.lang.Object)'> (0x00000000d66fc278) 
thrown [s\src\hotspot\share\interpreter\linkResolver.cpp, line 773]
Event: 23.524 Thread 0x00000243f2a89e20 Exception <a 'java/lang/NoSuchMethodError'{0x00000000d66ffb58}: 'java.lang.Object java.lang.invoke.DirectMethodHandle$Holder.invokeSpecial(java.lang.Object, java.lang.Object, java.lang.Object, int, java.lang.Object)'> (0x00000000d66ffb58) 
thrown [s\src\hotspot\share\interpreter\linkResolver.cpp, line 773]
Event: 23.601 Thread 0x00000243f25b6f70 Exception <a 'java/lang/NoSuchMethodError'{0x00000000d68d57c0}: 'void java.lang.invoke.DirectMethodHandle$Holder.invokeSpecial(java.lang.Object, java.lang.Object, java.lang.Object, java.lang.Object, java.lang.Object)'> (0x00000000d68d57c0) 
thrown [s\src\hotspot\share\interpreter\linkResolver.cpp, line 773]
Event: 23.709 Thread 0x00000243f25b6f70 Exception <a 'java/lang/NoSuchMethodError'{0x00000000d6a8aa98}: 'double java.lang.invoke.DirectMethodHandle$Holder.invokeStatic(java.lang.Object, java.lang.Object)'> (0x00000000d6a8aa98) 
thrown [s\src\hotspot\share\interpreter\linkResolver.cpp, line 773]
Event: 23.710 Thread 0x00000243f25b6f70 Exception <a 'java/lang/NoSuchMethodError'{0x00000000d6a8e158}: 'double java.lang.invoke.DirectMethodHandle$Holder.invokeStaticInit(java.lang.Object, java.lang.Object)'> (0x00000000d6a8e158) 
thrown [s\src\hotspot\share\interpreter\linkResolver.cpp, line 773]
Event: 25.841 Thread 0x00000243f25b6f70 Implicit null exception at 0x00000243dfd52ff5 to 0x00000243dfd530d0
Event: 28.434 Thread 0x00000243f25b6f70 Exception <a 'java/io/FileNotFoundException'{0x00000000d63ee260}> (0x00000000d63ee260) 
thrown [s\src\hotspot\share\prims\jni.cpp, line 520]
Event: 28.434 Thread 0x00000243f25b6f70 Exception <a 'java/io/FileNotFoundException'{0x00000000d63ef298}> (0x00000000d63ef298) 
thrown [s\src\hotspot\share\prims\jni.cpp, line 520]

ZGC Phase Switch (0 events):
No events

VM Operations (20 events):
Event: 22.892 Executing non-safepoint VM operation: HandshakeAllThreads (Deoptimize)
Event: 22.892 Executing non-safepoint VM operation: HandshakeAllThreads (Deoptimize) done
Event: 22.892 Executing safepoint VM operation: Cleanup
Event: 22.892 Executing safepoint VM operation: Cleanup done
Event: 22.911 Executing non-safepoint VM operation: HandshakeAllThreads (Deoptimize)
Event: 22.911 Executing non-safepoint VM operation: HandshakeAllThreads (Deoptimize) done
Event: 23.002 Executing non-safepoint VM operation: HandshakeAllThreads (Deoptimize)
Event: 23.003 Executing non-safepoint VM operation: HandshakeAllThreads (Deoptimize) done
Event: 23.122 Executing non-safepoint VM operation: HandshakeAllThreads (Deoptimize)
Event: 23.123 Executing non-safepoint VM operation: HandshakeAllThreads (Deoptimize) done
Event: 23.945 Executing safepoint VM operation: ParallelGCFailedAllocation (Allocation Failure)
Event: 23.957 Executing safepoint VM operation: ParallelGCFailedAllocation (Allocation Failure) done
Event: 24.818 Executing safepoint VM operation: ParallelGCFailedAllocation (Allocation Failure)
Event: 25.826 Executing safepoint VM operation: ParallelGCFailedAllocation (Allocation Failure) done
Event: 26.826 Executing safepoint VM operation: Cleanup
Event: 26.826 Executing safepoint VM operation: Cleanup done
Event: 27.005 Executing safepoint VM operation: CollectForMetadataAllocation (Metadata GC Threshold)
Event: 27.090 Executing safepoint VM operation: CollectForMetadataAllocation (Metadata GC Threshold) done
Event: 29.104 Executing safepoint VM operation: Cleanup
Event: 29.456 Executing safepoint VM operation: Cleanup done

Memory protections (0 events):
No events

Nmethod flushes (0 events):
No events

Events (20 events):
Event: 23.062 Thread 0x00000243ecc40d00 Thread added: 0x00000243f3ac44e0
Event: 23.302 Thread 0x00000243f3ac44e0 Thread exited: 0x00000243f3ac44e0
Event: 23.456 Thread 0x00000243f25b6f70 Thread added: 0x00000243f2a89e20
Event: 23.524 Thread 0x00000243f25b6f70 Thread added: 0x00000243f2a89100
Event: 23.777 Thread 0x00000243ecc40d00 Thread added: 0x00000243f4181e60
Event: 23.958 Thread 0x00000243f4181e60 Thread exited: 0x00000243f4181e60
Event: 29.456 Thread 0x00000243f2a876c0 Thread exited: 0x00000243f2a876c0
Event: 29.456 Thread 0x00000243f25b7600 Thread exited: 0x00000243f25b7600
Event: 29.456 Thread 0x00000243f2a87d50 Thread exited: 0x00000243f2a87d50
Event: 29.457 Thread 0x00000243f25b9d60 Thread exited: 0x00000243f25b9d60
Event: 29.457 Thread 0x00000243f25b96d0 Thread exited: 0x00000243f25b96d0
Event: 29.457 Thread 0x00000243f2a86310 Thread exited: 0x00000243f2a86310
Event: 29.458 Thread 0x00000243f2a855f0 Thread exited: 0x00000243f2a855f0
Event: 29.458 Thread 0x00000243f2a869a0 Thread exited: 0x00000243f2a869a0
Event: 29.458 Thread 0x00000243f2a85c80 Thread exited: 0x00000243f2a85c80
Event: 29.458 Thread 0x00000243f25b89b0 Thread exited: 0x00000243f25b89b0
Event: 29.458 Thread 0x00000243f25b9040 Thread exited: 0x00000243f25b9040
Event: 29.458 Thread 0x00000243f25b7c90 Thread exited: 0x00000243f25b7c90
Event: 29.559 Thread 0x00000243ecc40d00 Thread added: 0x00000243f2a730d0
Event: 29.559 Thread 0x00000243ecc40d00 Thread added: 0x00000243f2383a00


Dynamic libraries:
0x00007ff6aba10000 - 0x00007ff6aba1e000 	c:\Users\RESHU PATEL\.vscode\extensions\redhat.java-1.55.0-win32-x64\jre\21.0.11-win32-x86_64\bin\java.exe
0x00007ffd66960000 - 0x00007ffd66bc6000 	C:\WINDOWS\SYSTEM32\ntdll.dll
0x00007ffd65140000 - 0x00007ffd65209000 	C:\WINDOWS\System32\KERNEL32.DLL
0x00007ffd63da0000 - 0x00007ffd641a0000 	C:\WINDOWS\System32\KERNELBASE.dll
0x00007ffd63c40000 - 0x00007ffd63d8c000 	C:\WINDOWS\System32\ucrtbase.dll
0x00007ffd45a30000 - 0x00007ffd45a48000 	c:\Users\RESHU PATEL\.vscode\extensions\redhat.java-1.55.0-win32-x64\jre\21.0.11-win32-x86_64\bin\jli.dll
0x00007ffd3ba70000 - 0x00007ffd3ba8e000 	c:\Users\RESHU PATEL\.vscode\extensions\redhat.java-1.55.0-win32-x64\jre\21.0.11-win32-x86_64\bin\VCRUNTIME140.dll
0x00007ffd64690000 - 0x00007ffd64857000 	C:\WINDOWS\System32\USER32.dll
0x00007ffd44300000 - 0x00007ffd44592000 	C:\WINDOWS\WinSxS\amd64_microsoft.windows.common-controls_6595b64144ccf1df_6.0.26100.8737_none_3e092eaee333b772\COMCTL32.dll
0x00007ffd641b0000 - 0x00007ffd641d7000 	C:\WINDOWS\System32\win32u.dll
0x00007ffd66000000 - 0x00007ffd660a9000 	C:\WINDOWS\System32\msvcrt.dll
0x00007ffd65210000 - 0x00007ffd6523b000 	C:\WINDOWS\System32\GDI32.dll
0x00007ffd64360000 - 0x00007ffd64489000 	C:\WINDOWS\System32\gdi32full.dll
0x00007ffd64550000 - 0x00007ffd645f3000 	C:\WINDOWS\System32\msvcp_win.dll
0x00007ffd65100000 - 0x00007ffd65132000 	C:\WINDOWS\System32\IMM32.DLL
0x00007ffd5bb60000 - 0x00007ffd5bb6c000 	c:\Users\RESHU PATEL\.vscode\extensions\redhat.java-1.55.0-win32-x64\jre\21.0.11-win32-x86_64\bin\vcruntime140_1.dll
0x00007ffd100b0000 - 0x00007ffd1013d000 	c:\Users\RESHU PATEL\.vscode\extensions\redhat.java-1.55.0-win32-x64\jre\21.0.11-win32-x86_64\bin\msvcp140.dll
0x00007ffcf3a20000 - 0x00007ffcf47c2000 	c:\Users\RESHU PATEL\.vscode\extensions\redhat.java-1.55.0-win32-x64\jre\21.0.11-win32-x86_64\bin\server\jvm.dll
0x00007ffd65f40000 - 0x00007ffd65ff7000 	C:\WINDOWS\System32\ADVAPI32.dll
0x00007ffd64870000 - 0x00007ffd6491a000 	C:\WINDOWS\System32\sechost.dll
0x00007ffd66540000 - 0x00007ffd66658000 	C:\WINDOWS\System32\RPCRT4.dll
0x00007ffd64eb0000 - 0x00007ffd64f30000 	C:\WINDOWS\System32\WS2_32.dll
0x00007ffd63440000 - 0x00007ffd6349e000 	C:\WINDOWS\SYSTEM32\POWRPROF.dll
0x00007ffd588d0000 - 0x00007ffd588db000 	C:\WINDOWS\SYSTEM32\VERSION.dll
0x00007ffd4ec70000 - 0x00007ffd4eca6000 	C:\WINDOWS\SYSTEM32\WINMM.dll
0x00007ffd63420000 - 0x00007ffd63434000 	C:\WINDOWS\SYSTEM32\UMPDC.dll
0x00007ffd62820000 - 0x00007ffd6283b000 	C:\WINDOWS\SYSTEM32\kernel.appcore.dll
0x00007ffd5a870000 - 0x00007ffd5a87a000 	c:\Users\RESHU PATEL\.vscode\extensions\redhat.java-1.55.0-win32-x64\jre\21.0.11-win32-x86_64\bin\jimage.dll
0x00007ffd611d0000 - 0x00007ffd61412000 	C:\WINDOWS\SYSTEM32\DBGHELP.DLL
0x00007ffd65bb0000 - 0x00007ffd65f33000 	C:\WINDOWS\System32\combase.dll
0x00007ffd65020000 - 0x00007ffd650f9000 	C:\WINDOWS\System32\OLEAUT32.dll
0x00007ffd3f310000 - 0x00007ffd3f34b000 	C:\WINDOWS\SYSTEM32\dbgcore.DLL
0x00007ffd64490000 - 0x00007ffd6453c000 	C:\WINDOWS\System32\bcryptPrimitives.dll
0x00007ffd458c0000 - 0x00007ffd458cf000 	c:\Users\RESHU PATEL\.vscode\extensions\redhat.java-1.55.0-win32-x64\jre\21.0.11-win32-x86_64\bin\instrument.dll
0x00007ffd3af90000 - 0x00007ffd3afb0000 	c:\Users\RESHU PATEL\.vscode\extensions\redhat.java-1.55.0-win32-x64\jre\21.0.11-win32-x86_64\bin\java.dll
0x00007ffd65240000 - 0x00007ffd659d2000 	C:\WINDOWS\System32\SHELL32.dll
0x00007ffd615e0000 - 0x00007ffd61e72000 	C:\WINDOWS\SYSTEM32\windows.storage.dll
0x00007ffd659e0000 - 0x00007ffd65ad7000 	C:\WINDOWS\System32\SHCORE.dll
0x00007ffd64fb0000 - 0x00007ffd65017000 	C:\WINDOWS\System32\shlwapi.dll
0x00007ffd63aa0000 - 0x00007ffd63ac9000 	C:\WINDOWS\SYSTEM32\profapi.dll
0x00007ffd3abf0000 - 0x00007ffd3ac08000 	c:\Users\RESHU PATEL\.vscode\extensions\redhat.java-1.55.0-win32-x64\jre\21.0.11-win32-x86_64\bin\zip.dll
0x00007ffd45320000 - 0x00007ffd45330000 	C:\Users\RESHU PATEL\.vscode\extensions\redhat.java-1.55.0-win32-x64\jre\21.0.11-win32-x86_64\bin\net.dll
0x00007ffd5a700000 - 0x00007ffd5a829000 	C:\WINDOWS\SYSTEM32\WINHTTP.dll
0x00007ffd62db0000 - 0x00007ffd62e1c000 	C:\WINDOWS\system32\mswsock.dll
0x00007ffd34490000 - 0x00007ffd344a6000 	C:\Users\RESHU PATEL\.vscode\extensions\redhat.java-1.55.0-win32-x64\jre\21.0.11-win32-x86_64\bin\nio.dll
0x00007ffd2f380000 - 0x00007ffd2f390000 	c:\Users\RESHU PATEL\.vscode\extensions\redhat.java-1.55.0-win32-x64\jre\21.0.11-win32-x86_64\bin\verify.dll
0x00007ffd20b60000 - 0x00007ffd20ba5000 	C:\Users\RESHU PATEL\AppData\Roaming\Code\User\globalStorage\redhat.java\1.55.0\config_ss_win\org.eclipse.equinox.launcher\org.eclipse.equinox.launcher.win32.win32.x86_64_1.3.100.v20260613-0559\eclipse_11924.dll
0x00007ffd64b90000 - 0x00007ffd64d29000 	C:\WINDOWS\System32\ole32.dll

JVMTI agents:
c:\Users\RESHU PATEL\.vscode\extensions\redhat.java-1.55.0-win32-x64\lombok\lombok-1.18.39-4050.jar path:c:\Users\RESHU PATEL\.vscode\extensions\redhat.java-1.55.0-win32-x64\jre\21.0.11-win32-x86_64\bin\instrument.dll, loaded, initialized, instrumentlib options:none

dbghelp: loaded successfully - version: 4.0.5 - missing functions: none
symbol engine: initialized successfully - sym options: 0x614 - pdb path: .;c:\Users\RESHU PATEL\.vscode\extensions\redhat.java-1.55.0-win32-x64\jre\21.0.11-win32-x86_64\bin;C:\WINDOWS\SYSTEM32;C:\WINDOWS\WinSxS\amd64_microsoft.windows.common-controls_6595b64144ccf1df_6.0.26100.8737_none_3e092eaee333b772;c:\Users\RESHU PATEL\.vscode\extensions\redhat.java-1.55.0-win32-x64\jre\21.0.11-win32-x86_64\bin\server;C:\Users\RESHU PATEL\AppData\Roaming\Code\User\globalStorage\redhat.java\1.55.0\config_ss_win\org.eclipse.equinox.launcher\org.eclipse.equinox.launcher.win32.win32.x86_64_1.3.100.v20260613-0559

VM Arguments:
jvm_args: --add-modules=ALL-SYSTEM --add-opens=java.base/java.util=ALL-UNNAMED --add-opens=java.base/java.lang=ALL-UNNAMED --add-opens=java.base/sun.nio.fs=ALL-UNNAMED -Declipse.application=org.eclipse.jdt.ls.core.id1 -Dosgi.bundles.defaultStartLevel=4 -Declipse.product=org.eclipse.jdt.ls.core.product -Djava.import.generatesMetadataFilesAtProjectRoot=false -DDetectVMInstallationsJob.disabled=true -Dfile.encoding=utf8 -XX:+UseParallelGC -XX:GCTimeRatio=4 -XX:AdaptiveSizePolicyWeight=90 -Dsun.zip.disableMemoryMapping=true -Xmx2G -Xms100m -Xlog:disable -javaagent:c:\Users\RESHU PATEL\.vscode\extensions\redhat.java-1.55.0-win32-x64\lombok\lombok-1.18.39-4050.jar 
java_command: c:\Users\RESHU PATEL\.vscode\extensions\redhat.java-1.55.0-win32-x64\server\plugins\org.eclipse.equinox.launcher_1.7.200.v20260619-2039.jar -configuration c:\Users\RESHU PATEL\AppData\Roaming\Code\User\globalStorage\redhat.java\1.55.0\config_ss_win -data c:\Users\RESHU PATEL\AppData\Roaming\Code\User\workspaceStorage\4541e97106011cd3cbea45b0cc5f5ae3\redhat.java\ss_ws --pipe=\\.\pipe\lsp-88474b20e6c4f7a32319d0dd0c745fa9-sock
java_class_path (initial): c:\Users\RESHU PATEL\.vscode\extensions\redhat.java-1.55.0-win32-x64\server\plugins\org.eclipse.equinox.launcher_1.7.200.v20260619-2039.jar
Launcher Type: SUN_STANDARD

[Global flags]
    uintx AdaptiveSizePolicyWeight                 = 90                                        {product} {command line}
     intx CICompilerCount                          = 4                                         {product} {ergonomic}
    uintx GCTimeRatio                              = 4                                         {product} {command line}
   size_t InitialHeapSize                          = 104857600                                 {product} {command line}
   size_t MaxHeapSize                              = 2147483648                                {product} {command line}
   size_t MaxNewSize                               = 715653120                                 {product} {ergonomic}
   size_t MinHeapDeltaBytes                        = 524288                                    {product} {ergonomic}
   size_t MinHeapSize                              = 104857600                                 {product} {command line}
   size_t NewSize                                  = 34603008                                  {product} {ergonomic}
    uintx NonNMethodCodeHeapSize                   = 5839372                                {pd product} {ergonomic}
    uintx NonProfiledCodeHeapSize                  = 122909434                              {pd product} {ergonomic}
   size_t OldSize                                  = 70254592                                  {product} {ergonomic}
    uintx ProfiledCodeHeapSize                     = 122909434                              {pd product} {ergonomic}
    uintx ReservedCodeCacheSize                    = 251658240                              {pd product} {ergonomic}
     bool SegmentedCodeCache                       = true                                      {product} {ergonomic}
   size_t SoftMaxHeapSize                          = 2147483648                             {manageable} {ergonomic}
     bool UseCompressedOops                        = true                           {product lp64_product} {ergonomic}
     bool UseLargePagesIndividualAllocation        = false                                  {pd product} {ergonomic}
     bool UseParallelGC                            = true                                      {product} {command line}

Logging:
Log output configuration:
 #0: stdout all=off uptime,level,tags foldmultilines=false
 #1: stderr all=off uptime,level,tags foldmultilines=false

Release file:
JAVA_VERSION="21.0.11" 
MODULES="java.base java.compiler java.datatransfer java.xml java.prefs java.desktop java.instrument java.logging java.management java.security.sasl java.naming java.rmi java.management.rmi java.net.http java.scripting java.security.jgss java.transaction.xa java.sql java.sql.rowset java.xml.crypto java.se java.smartcardio jdk.accessibility jdk.internal.jvmstat jdk.attach jdk.charsets jdk.internal.opt jdk.zipfs jdk.compiler jdk.crypto.ec jdk.crypto.cryptoki jdk.crypto.mscapi jdk.dynalink jdk.internal.ed jdk.editpad jdk.hotspot.agent jdk.httpserver jdk.internal.le jdk.internal.vm.ci jdk.internal.vm.compiler jdk.internal.vm.compiler.management jdk.jartool jdk.javadoc jdk.jcmd jdk.management jdk.management.agent jdk.jconsole jdk.jdeps jdk.jdwp.agent jdk.jdi jdk.jfr jdk.jshell jdk.jsobject jdk.jstatd jdk.localedata jdk.management.jfr jdk.naming.dns jdk.naming.rmi jdk.net jdk.nio.mapmode jdk.random jdk.sctp jdk.security.auth jdk.security.jgss jdk.unsupported jdk.unsupported.desktop jdk.xml.dom" 

Environment Variables:
PATH=C:\Program Files\Common Files\Oracle\Java\javapath;C:\windows\system32;C:\windows;C:\windows\System32\Wbem;C:\windows\System32\WindowsPowerShell\v1.0\;C:\windows\System32\OpenSSH\;C:\Program Files (x86)\NVIDIA Corporation\PhysX\Common;C:\Program Files\NVIDIA Corporation\NVIDIA NvDLISR;C:\MinGW\include;C:\MinGW\lib;C:\MinGW\bin;C:\WINDOWS\system32;C:\WINDOWS;C:\WINDOWS\System32\Wbem;C:\WINDOWS\System32\WindowsPowerShell\v1.0\;C:\WINDOWS\System32\OpenSSH\;C:\Program Files\Git\cmd;C:\Program Files\Git\mingw64\bin;C:\Program Files\Git\usr\bin;C:\Program Files\nodejs\;C:\Program Files\MySQL\MySQL Shell 8.0\bin\;C:\Users\RESHU PATEL\AppData\Local\Programs\Python\Python311\Scripts\;C:\Users\RESHU PATEL\AppData\Local\Programs\Python\Python311\;C:\Users\RESHU PATEL\AppData\Local\Microsoft\WindowsApps;C:\MinGW\bin;C:\Users\RESHU PATEL\AppData\Local\Programs\Microsoft VS Code\bin;C:\Users\RESHU PATEL\Desktop\c++\h.cpp;C:\Program Files\JetBrains\IntelliJ IDEA Community Edition 2024.2\bin;;C:\Users\RESHU PATEL\AppData\Roaming\npm;C:\Users\RESHU PATEL\AppData\Local\GitHubDesktop\bin;C:\ProgramData\RESHU PATEL\GitHubDesktop\bin;C:\Users\RESHU PATEL\AppData\Local\Programs\mongosh\
USERNAME=RESHU PATEL
OS=Windows_NT
PROCESSOR_IDENTIFIER=Intel64 Family 6 Model 154 Stepping 3, GenuineIntel
TMP=C:\Users\RESHUP~1\AppData\Local\Temp
TEMP=C:\Users\RESHUP~1\AppData\Local\Temp




Periodic native trim disabled

---------------  S Y S T E M  ---------------

OS:
 Windows 11 , 64 bit Build 26100 (10.0.26100.8737)
OS uptime: 1 days 11:35 hours
Hyper-V role detected

CPU: total 12 (initial active 12) (6 cores per cpu, 2 threads per core) family 6 model 154 stepping 3 microcode 0x434, cx8, cmov, fxsr, ht, mmx, 3dnowpref, sse, sse2, sse3, ssse3, sse4.1, sse4.2, popcnt, lzcnt, tsc, tscinvbit, avx, avx2, aes, erms, clmul, bmi1, bmi2, adx, sha, fma, vzeroupper, clflush, clflushopt, clwb, hv, serialize, rdtscp, rdpid, fsrm, f16c, cet_ibt, cet_ss
Processor Information for processor 0
  Max Mhz: 2000, Current Mhz: 1520, Mhz Limit: 2000
Processor Information for processor 1
  Max Mhz: 2000, Current Mhz: 2000, Mhz Limit: 2000
Processor Information for processor 2
  Max Mhz: 2000, Current Mhz: 2000, Mhz Limit: 2000
Processor Information for processor 3
  Max Mhz: 2000, Current Mhz: 2000, Mhz Limit: 2000
Processor Information for processor 4
  Max Mhz: 2000, Current Mhz: 2000, Mhz Limit: 2000
Processor Information for processor 5
  Max Mhz: 2000, Current Mhz: 2000, Mhz Limit: 2000
Processor Information for processor 6
  Max Mhz: 2000, Current Mhz: 2000, Mhz Limit: 2000
Processor Information for processor 7
  Max Mhz: 2000, Current Mhz: 2000, Mhz Limit: 2000
Processor Information for processor 8
  Max Mhz: 2000, Current Mhz: 1466, Mhz Limit: 2000
Processor Information for processor 9
  Max Mhz: 2000, Current Mhz: 1466, Mhz Limit: 2000
Processor Information for processor 10
  Max Mhz: 2000, Current Mhz: 1466, Mhz Limit: 2000
Processor Information for processor 11
  Max Mhz: 2000, Current Mhz: 1466, Mhz Limit: 2000

Memory: 4k page, system-wide physical 16052M (3077M free)
TotalPageFile size 18100M (AvailPageFile size 47M)
current process WorkingSet (physical memory assigned to process): 147M, peak: 147M
current process commit charge ("private bytes"): 285M, peak: 285M

vm_info: OpenJDK 64-Bit Server VM (21.0.11+10-LTS) for windows-amd64 JRE (21.0.11+10-LTS), built on 2026-04-21T00:00:00Z by "admin" with MS VC++ 17.12 (VS2022)

END.
